build/app/intermediates/manifest_merge_blame_file/debug/manifest-merger-blame-debug-report.txt
1<?xml version="1.0" encoding="utf-8"?>
2<manifest xmlns:android="http://schemas.android.com/apk/res/android"
3    package="com.gobabidrive"
4    android:versionCode="32"
5    android:versionName="2.0.4" >
6
7    <uses-sdk
8        android:minSdkVersion="23"
9        android:targetSdkVersion="34" />
10    <!--
11         Flutter needs it to communicate with the running application
12         to allow setting breakpoints, to provide hot reload, etc.
13    -->
14    <uses-permission android:name="android.permission.INTERNET" />
14-->src/main/AndroidManifest.xml:4:5-66
14-->src/main/AndroidManifest.xml:4:22-64
15    <uses-permission android:name="android.permission.ACCESS_FINE_LOCATION" />
15-->src/main/AndroidManifest.xml:5:5-78
15-->src/main/AndroidManifest.xml:5:22-76
16    <uses-permission android:name="android.permission.ACCESS_COARSE_LOCATION" />
16-->src/main/AndroidManifest.xml:6:5-80
16-->src/main/AndroidManifest.xml:6:22-78
17    <uses-permission android:name="android.permission.CAMERA" />
17-->src/main/AndroidManifest.xml:7:5-64
17-->src/main/AndroidManifest.xml:7:22-62
18    <uses-permission android:name="android.permission.RECEIVE_BOOT_COMPLETED" />
18-->src/main/AndroidManifest.xml:9:5-81
18-->src/main/AndroidManifest.xml:9:22-78
19    <uses-permission
19-->src/main/AndroidManifest.xml:10:5-80
20        android:name="android.permission.READ_EXTERNAL_STORAGE"
20-->src/main/AndroidManifest.xml:10:22-77
21        android:maxSdkVersion="32" />
21-->[:file_picker] AndroidManifest.xml:11:9-35
22    <uses-permission android:name="android.permission.WRITE_EXTERNAL_STORAGE" />
22-->src/main/AndroidManifest.xml:11:5-81
22-->src/main/AndroidManifest.xml:11:22-78
23    <uses-permission android:name="android.permission.SYSTEM_ALERT_WINDOW" />
23-->src/main/AndroidManifest.xml:12:5-78
23-->src/main/AndroidManifest.xml:12:22-75
24    <uses-permission android:name="android.permission.FOREGROUND_SERVICE" />
24-->src/main/AndroidManifest.xml:13:5-77
24-->src/main/AndroidManifest.xml:13:22-74
25    <uses-permission android:name="android.permission.ACCESS_BACKGROUND_LOCATION" />
25-->src/main/AndroidManifest.xml:14:5-84
25-->src/main/AndroidManifest.xml:14:22-82
26    <uses-permission android:name="android.permission.SCHEDULE_EXACT_ALARM" />
26-->src/main/AndroidManifest.xml:15:5-78
26-->src/main/AndroidManifest.xml:15:22-76
27    <uses-permission android:name="android.permission.WAKE_LOCK" />
27-->src/main/AndroidManifest.xml:16:5-68
27-->src/main/AndroidManifest.xml:16:22-65
28    <uses-permission android:name="android.permission.POST_NOTIFICATIONS" /> <!-- foregroundServiceType: dataSync -->
28-->src/main/AndroidManifest.xml:17:5-77
28-->src/main/AndroidManifest.xml:17:22-74
29    <uses-permission android:name="android.permission.FOREGROUND_SERVICE_DATA_SYNC" /> <!-- foregroundServiceType: remoteMessaging -->
29-->src/main/AndroidManifest.xml:19:1-83
29-->src/main/AndroidManifest.xml:19:18-80
30    <uses-permission android:name="android.permission.FOREGROUND_SERVICE_REMOTE_MESSAGING" />
30-->src/main/AndroidManifest.xml:22:1-90
30-->src/main/AndroidManifest.xml:22:18-87
31    <uses-permission android:name="android.permission.ACCESS_NETWORK_STATE" />
31-->[:connectivity_plus] AndroidManifest.xml:9:5-79
31-->[:connectivity_plus] AndroidManifest.xml:9:22-76
32
33    <queries>
33-->[:file_picker] AndroidManifest.xml:13:5-19:15
34        <intent>
34-->[:file_picker] AndroidManifest.xml:14:9-18:18
35            <action android:name="android.intent.action.GET_CONTENT" />
35-->[:file_picker] AndroidManifest.xml:15:13-72
35-->[:file_picker] AndroidManifest.xml:15:21-69
36
37            <data android:mimeType="*/*" />
37-->src/main/AndroidManifest.xml:66:17-85
38        </intent>
39
40        <package android:name="com.google.android.apps.maps" />
40-->[:map_launcher] AndroidManifest.xml:10:9-64
40-->[:map_launcher] AndroidManifest.xml:10:18-61
41        <package android:name="com.google.android.apps.mapslite" />
41-->[:map_launcher] AndroidManifest.xml:11:9-68
41-->[:map_launcher] AndroidManifest.xml:11:18-65
42        <package android:name="com.autonavi.minimap" />
42-->[:map_launcher] AndroidManifest.xml:12:9-56
42-->[:map_launcher] AndroidManifest.xml:12:18-53
43        <package android:name="com.baidu.BaiduMap" />
43-->[:map_launcher] AndroidManifest.xml:13:9-54
43-->[:map_launcher] AndroidManifest.xml:13:18-51
44        <package android:name="com.waze" />
44-->[:map_launcher] AndroidManifest.xml:14:9-44
44-->[:map_launcher] AndroidManifest.xml:14:18-41
45        <package android:name="ru.yandex.yandexnavi" />
45-->[:map_launcher] AndroidManifest.xml:15:9-56
45-->[:map_launcher] AndroidManifest.xml:15:18-53
46        <package android:name="ru.yandex.yandexmaps" />
46-->[:map_launcher] AndroidManifest.xml:16:9-56
46-->[:map_launcher] AndroidManifest.xml:16:18-53
47        <package android:name="com.citymapper.app.release" />
47-->[:map_launcher] AndroidManifest.xml:17:9-62
47-->[:map_launcher] AndroidManifest.xml:17:18-59
48        <package android:name="com.mapswithme.maps.pro" />
48-->[:map_launcher] AndroidManifest.xml:18:9-59
48-->[:map_launcher] AndroidManifest.xml:18:18-56
49        <package android:name="net.osmand" />
49-->[:map_launcher] AndroidManifest.xml:19:9-46
49-->[:map_launcher] AndroidManifest.xml:19:18-43
50        <package android:name="net.osmand.plus" />
50-->[:map_launcher] AndroidManifest.xml:20:9-51
50-->[:map_launcher] AndroidManifest.xml:20:18-48
51        <package android:name="ru.dublgis.dgismobile" />
51-->[:map_launcher] AndroidManifest.xml:21:9-57
51-->[:map_launcher] AndroidManifest.xml:21:18-54
52        <package android:name="com.tencent.map" />
52-->[:map_launcher] AndroidManifest.xml:22:9-51
52-->[:map_launcher] AndroidManifest.xml:22:18-48
53        <package android:name="com.here.app.maps" />
53-->[:map_launcher] AndroidManifest.xml:23:9-53
53-->[:map_launcher] AndroidManifest.xml:23:18-50
54        <package android:name="com.huawei.maps.app" />
54-->[:map_launcher] AndroidManifest.xml:24:9-55
54-->[:map_launcher] AndroidManifest.xml:24:18-52
55        <package android:name="com.alk.copilot.mapviewer" />
55-->[:map_launcher] AndroidManifest.xml:25:9-61
55-->[:map_launcher] AndroidManifest.xml:25:18-58
56        <package android:name="com.tomtom.gplay.navapp" />
56-->[:map_launcher] AndroidManifest.xml:26:9-59
56-->[:map_launcher] AndroidManifest.xml:26:18-56
57        <package android:name="com.tomtom.gplay.navapp.gofleet" />
57-->[:map_launcher] AndroidManifest.xml:27:9-67
57-->[:map_launcher] AndroidManifest.xml:27:18-64
58        <package android:name="com.sygic.truck" />
58-->[:map_launcher] AndroidManifest.xml:28:9-51
58-->[:map_launcher] AndroidManifest.xml:28:18-48
59        <package android:name="nl.flitsmeister" />
59-->[:map_launcher] AndroidManifest.xml:29:9-51
59-->[:map_launcher] AndroidManifest.xml:29:18-48
60        <package android:name="nl.flitsmeister.flux" />
60-->[:map_launcher] AndroidManifest.xml:30:9-56
60-->[:map_launcher] AndroidManifest.xml:30:18-53
61        <package android:name="com.nhn.android.nmap" />
61-->[:map_launcher] AndroidManifest.xml:31:9-56
61-->[:map_launcher] AndroidManifest.xml:31:18-53
62        <package android:name="net.daum.android.map" />
62-->[:map_launcher] AndroidManifest.xml:32:9-56
62-->[:map_launcher] AndroidManifest.xml:32:18-53
63        <package android:name="com.skt.tmap.ku" />
63-->[:map_launcher] AndroidManifest.xml:33:9-51
63-->[:map_launcher] AndroidManifest.xml:33:18-48
64        <package android:name="cz.seznam.mapy" />
64-->[:map_launcher] AndroidManifest.xml:34:9-50
64-->[:map_launcher] AndroidManifest.xml:34:18-47
65
66        <intent>
66-->[androidx.media2:media2-session:1.2.1] AndroidManifest.xml:25:9-27:18
67            <action android:name="android.media.browse.MediaBrowserService" />
67-->[androidx.media2:media2-session:1.2.1] AndroidManifest.xml:26:13-79
67-->[androidx.media2:media2-session:1.2.1] AndroidManifest.xml:26:21-76
68        </intent>
69        <intent>
69-->[androidx.media2:media2-session:1.2.1] AndroidManifest.xml:28:9-30:18
70            <action android:name="androidx.media2.session.MediaSessionService" />
70-->[androidx.media2:media2-session:1.2.1] AndroidManifest.xml:29:13-82
70-->[androidx.media2:media2-session:1.2.1] AndroidManifest.xml:29:21-79
71        </intent>
72        <intent>
72-->[androidx.media2:media2-session:1.2.1] AndroidManifest.xml:31:9-33:18
73            <action android:name="androidx.media2.session.MediaLibraryService" />
73-->[androidx.media2:media2-session:1.2.1] AndroidManifest.xml:32:13-82
73-->[androidx.media2:media2-session:1.2.1] AndroidManifest.xml:32:21-79
74        </intent>
75    </queries>
76
77    <uses-permission android:name="android.permission.VIBRATE" /> <!-- Create a unique permission for your app and use it so only your app can receive your OneSignal messages. -->
77-->[:flutter_local_notifications] AndroidManifest.xml:9:5-66
77-->[:flutter_local_notifications] AndroidManifest.xml:9:22-63
78    <permission
78-->[com.onesignal:notifications:5.1.17] AndroidManifest.xml:10:5-12:47
79        android:name="com.gobabidrive.permission.C2D_MESSAGE"
79-->[com.onesignal:notifications:5.1.17] AndroidManifest.xml:11:9-63
80        android:protectionLevel="signature" />
80-->[com.onesignal:notifications:5.1.17] AndroidManifest.xml:12:9-44
81
82    <uses-permission android:name="com.gobabidrive.permission.C2D_MESSAGE" /> <!-- c2dm RECEIVE are basic requirements for push messages through Google's FCM -->
82-->[com.onesignal:notifications:5.1.17] AndroidManifest.xml:14:5-79
82-->[com.onesignal:notifications:5.1.17] AndroidManifest.xml:14:22-76
83    <uses-permission android:name="com.google.android.c2dm.permission.RECEIVE" /> <!-- START: ShortcutBadger -->
83-->[com.onesignal:notifications:5.1.17] AndroidManifest.xml:19:5-82
83-->[com.onesignal:notifications:5.1.17] AndroidManifest.xml:19:22-79
84    <!-- Samsung -->
85    <uses-permission android:name="com.sec.android.provider.badge.permission.READ" />
85-->[com.onesignal:notifications:5.1.17] AndroidManifest.xml:31:5-86
85-->[com.onesignal:notifications:5.1.17] AndroidManifest.xml:31:22-83
86    <uses-permission android:name="com.sec.android.provider.badge.permission.WRITE" /> <!-- HTC -->
86-->[com.onesignal:notifications:5.1.17] AndroidManifest.xml:32:5-87
86-->[com.onesignal:notifications:5.1.17] AndroidManifest.xml:32:22-84
87    <uses-permission android:name="com.htc.launcher.permission.READ_SETTINGS" />
87-->[com.onesignal:notifications:5.1.17] AndroidManifest.xml:33:5-81
87-->[com.onesignal:notifications:5.1.17] AndroidManifest.xml:33:22-78
88    <uses-permission android:name="com.htc.launcher.permission.UPDATE_SHORTCUT" /> <!-- Sony -->
88-->[com.onesignal:notifications:5.1.17] AndroidManifest.xml:34:5-83
88-->[com.onesignal:notifications:5.1.17] AndroidManifest.xml:34:22-80
89    <uses-permission android:name="com.sonyericsson.home.permission.BROADCAST_BADGE" />
89-->[com.onesignal:notifications:5.1.17] AndroidManifest.xml:35:5-88
89-->[com.onesignal:notifications:5.1.17] AndroidManifest.xml:35:22-85
90    <uses-permission android:name="com.sonymobile.home.permission.PROVIDER_INSERT_BADGE" /> <!-- Apex -->
90-->[com.onesignal:notifications:5.1.17] AndroidManifest.xml:36:5-92
90-->[com.onesignal:notifications:5.1.17] AndroidManifest.xml:36:22-89
91    <uses-permission android:name="com.anddoes.launcher.permission.UPDATE_COUNT" /> <!-- Solid -->
91-->[com.onesignal:notifications:5.1.17] AndroidManifest.xml:37:5-84
91-->[com.onesignal:notifications:5.1.17] AndroidManifest.xml:37:22-81
92    <uses-permission android:name="com.majeur.launcher.permission.UPDATE_BADGE" /> <!-- Huawei -->
92-->[com.onesignal:notifications:5.1.17] AndroidManifest.xml:38:5-83
92-->[com.onesignal:notifications:5.1.17] AndroidManifest.xml:38:22-80
93    <uses-permission android:name="com.huawei.android.launcher.permission.CHANGE_BADGE" />
93-->[com.onesignal:notifications:5.1.17] AndroidManifest.xml:39:5-91
93-->[com.onesignal:notifications:5.1.17] AndroidManifest.xml:39:22-88
94    <uses-permission android:name="com.huawei.android.launcher.permission.READ_SETTINGS" />
94-->[com.onesignal:notifications:5.1.17] AndroidManifest.xml:40:5-92
94-->[com.onesignal:notifications:5.1.17] AndroidManifest.xml:40:22-89
95    <uses-permission android:name="com.huawei.android.launcher.permission.WRITE_SETTINGS" /> <!-- ZUK -->
95-->[com.onesignal:notifications:5.1.17] AndroidManifest.xml:41:5-93
95-->[com.onesignal:notifications:5.1.17] AndroidManifest.xml:41:22-90
96    <uses-permission android:name="android.permission.READ_APP_BADGE" /> <!-- OPPO -->
96-->[com.onesignal:notifications:5.1.17] AndroidManifest.xml:42:5-73
96-->[com.onesignal:notifications:5.1.17] AndroidManifest.xml:42:22-70
97    <uses-permission android:name="com.oppo.launcher.permission.READ_SETTINGS" />
97-->[com.onesignal:notifications:5.1.17] AndroidManifest.xml:43:5-82
97-->[com.onesignal:notifications:5.1.17] AndroidManifest.xml:43:22-79
98    <uses-permission android:name="com.oppo.launcher.permission.WRITE_SETTINGS" /> <!-- EvMe -->
98-->[com.onesignal:notifications:5.1.17] AndroidManifest.xml:44:5-83
98-->[com.onesignal:notifications:5.1.17] AndroidManifest.xml:44:22-80
99    <uses-permission android:name="me.everything.badger.permission.BADGE_COUNT_READ" />
99-->[com.onesignal:notifications:5.1.17] AndroidManifest.xml:45:5-88
99-->[com.onesignal:notifications:5.1.17] AndroidManifest.xml:45:22-85
100    <uses-permission android:name="me.everything.badger.permission.BADGE_COUNT_WRITE" />
100-->[com.onesignal:notifications:5.1.17] AndroidManifest.xml:46:5-89
100-->[com.onesignal:notifications:5.1.17] AndroidManifest.xml:46:22-86
101    <uses-permission android:name="android.permission.FOREGROUND_SERVICE_LOCATION" />
101-->[com.mapbox.navigation:core:2.16.0] AndroidManifest.xml:13:5-86
101-->[com.mapbox.navigation:core:2.16.0] AndroidManifest.xml:13:22-83
102
103    <uses-feature
103-->[com.google.android.gms:play-services-maps:18.2.0] AndroidManifest.xml:26:5-28:35
104        android:glEsVersion="0x00020000"
104-->[com.google.android.gms:play-services-maps:18.2.0] AndroidManifest.xml:27:9-41
105        android:required="true" />
105-->[com.google.android.gms:play-services-maps:18.2.0] AndroidManifest.xml:28:9-32
106
107    <uses-permission android:name="android.permission.CHANGE_NETWORK_STATE" />
107-->[com.mapbox.navigator:mapbox-navigation-native:157.0.0] AndroidManifest.xml:10:5-79
107-->[com.mapbox.navigator:mapbox-navigation-native:157.0.0] AndroidManifest.xml:10:22-76
108
109    <uses-feature
109-->[com.mapbox.maps:android-core:10.16.0] AndroidManifest.xml:13:5-15:36
110        android:name="android.hardware.wifi"
110-->[com.mapbox.maps:android-core:10.16.0] AndroidManifest.xml:14:9-45
111        android:required="false" />
111-->[com.mapbox.maps:android-core:10.16.0] AndroidManifest.xml:15:9-33
112
113    <uses-permission android:name="android.permission.ACCESS_WIFI_STATE" />
113-->[com.mapbox.maps:android-core:10.16.0] AndroidManifest.xml:19:5-76
113-->[com.mapbox.maps:android-core:10.16.0] AndroidManifest.xml:19:22-73
114
115    <permission
115-->[androidx.core:core:1.13.1] AndroidManifest.xml:22:5-24:47
116        android:name="com.gobabidrive.DYNAMIC_RECEIVER_NOT_EXPORTED_PERMISSION"
116-->[androidx.core:core:1.13.1] AndroidManifest.xml:23:9-81
117        android:protectionLevel="signature" />
117-->[androidx.core:core:1.13.1] AndroidManifest.xml:24:9-44
118
119    <uses-permission android:name="com.gobabidrive.DYNAMIC_RECEIVER_NOT_EXPORTED_PERMISSION" />
119-->[androidx.core:core:1.13.1] AndroidManifest.xml:26:5-97
119-->[androidx.core:core:1.13.1] AndroidManifest.xml:26:22-94
120
121    <supports-screens
121-->[org.osmdroid:osmdroid-android:6.1.17] AndroidManifest.xml:9:5-12:40
122        android:anyDensity="true"
122-->[org.osmdroid:osmdroid-android:6.1.17] AndroidManifest.xml:10:9-34
123        android:largeScreens="true"
123-->[org.osmdroid:osmdroid-android:6.1.17] AndroidManifest.xml:11:9-36
124        android:normalScreens="true" />
124-->[org.osmdroid:osmdroid-android:6.1.17] AndroidManifest.xml:12:9-37
125
126    <uses-feature
126-->[org.osmdroid:osmdroid-android:6.1.17] AndroidManifest.xml:14:5-16:36
127        android:name="android.hardware.location.network"
127-->[org.osmdroid:osmdroid-android:6.1.17] AndroidManifest.xml:15:9-57
128        android:required="false" />
128-->[org.osmdroid:osmdroid-android:6.1.17] AndroidManifest.xml:16:9-33
129    <uses-feature
129-->[org.osmdroid:osmdroid-android:6.1.17] AndroidManifest.xml:17:5-19:36
130        android:name="android.hardware.location.gps"
130-->[org.osmdroid:osmdroid-android:6.1.17] AndroidManifest.xml:18:9-53
131        android:required="false" />
131-->[org.osmdroid:osmdroid-android:6.1.17] AndroidManifest.xml:19:9-33
132    <uses-feature
132-->[org.osmdroid:osmdroid-android:6.1.17] AndroidManifest.xml:20:5-22:36
133        android:name="android.hardware.telephony"
133-->[org.osmdroid:osmdroid-android:6.1.17] AndroidManifest.xml:21:9-50
134        android:required="false" />
134-->[org.osmdroid:osmdroid-android:6.1.17] AndroidManifest.xml:22:9-33
135
136    <application
136-->src/main/AndroidManifest.xml:25:5-125:19
137        android:appComponentFactory="androidx.core.app.CoreComponentFactory"
137-->[androidx.core:core:1.13.1] AndroidManifest.xml:28:18-86
138        android:debuggable="true"
139        android:extractNativeLibs="false"
140        android:icon="@mipmap/ic_app_logo"
140-->src/main/AndroidManifest.xml:28:9-43
141        android:label="Go Babi Drive"
141-->src/main/AndroidManifest.xml:26:9-38
142        android:requestLegacyExternalStorage="true" >
142-->src/main/AndroidManifest.xml:29:9-52
143        <activity
143-->src/main/AndroidManifest.xml:31:9-74:20
144            android:name="com.gobabidrive.MainActivity"
144-->src/main/AndroidManifest.xml:32:13-41
145            android:configChanges="orientation|keyboardHidden|keyboard|screenSize|smallestScreenSize|locale|layoutDirection|fontScale|screenLayout|density|uiMode"
145-->src/main/AndroidManifest.xml:36:13-163
146            android:exported="true"
146-->src/main/AndroidManifest.xml:33:13-36
147            android:hardwareAccelerated="true"
147-->src/main/AndroidManifest.xml:37:13-47
148            android:launchMode="singleTop"
148-->src/main/AndroidManifest.xml:34:13-43
149            android:theme="@style/LaunchTheme"
149-->src/main/AndroidManifest.xml:35:13-47
150            android:windowSoftInputMode="adjustResize" >
150-->src/main/AndroidManifest.xml:38:13-55
151
152            <!--
153                 Specifies an Android theme to apply to this Activity as soon as
154                 the Android process has started. This theme is visible to the user
155                 while the Flutter UI initializes. After that, this theme continues
156                 to determine the Window background behind the Flutter UI.
157            -->
158            <meta-data
158-->src/main/AndroidManifest.xml:43:13-46:17
159                android:name="io.flutter.embedding.android.NormalTheme"
159-->src/main/AndroidManifest.xml:44:15-70
160                android:resource="@style/NormalTheme" />
160-->src/main/AndroidManifest.xml:45:15-52
161            <!--
162                 Displays an Android View that continues showing the launch screen
163                 Drawable until Flutter paints its first frame, then this splash
164                 screen fades out. A splash screen is useful to avoid any visual
165                 gap between the end of Android's launch screen and the painting of
166                 Flutter's first frame.
167            -->
168            <meta-data
168-->src/main/AndroidManifest.xml:52:13-55:17
169                android:name="io.flutter.embedding.android.SplashScreenDrawable"
169-->src/main/AndroidManifest.xml:53:15-79
170                android:resource="@drawable/launch_background" />
170-->src/main/AndroidManifest.xml:54:15-61
171
172            <intent-filter>
172-->src/main/AndroidManifest.xml:56:13-59:29
173                <action android:name="android.intent.action.MAIN" />
173-->src/main/AndroidManifest.xml:57:17-68
173-->src/main/AndroidManifest.xml:57:25-66
174
175                <category android:name="android.intent.category.LAUNCHER" />
175-->src/main/AndroidManifest.xml:58:17-76
175-->src/main/AndroidManifest.xml:58:27-74
176            </intent-filter>
177            <!-- Deep linking -->
178            <meta-data
178-->src/main/AndroidManifest.xml:61:13-90
179                android:name="flutter_deeplinking_enabled"
179-->src/main/AndroidManifest.xml:61:24-66
180                android:value="true" />
180-->src/main/AndroidManifest.xml:61:67-87
181
182            <intent-filter android:autoVerify="true" >
182-->src/main/AndroidManifest.xml:62:13-67:29
182-->src/main/AndroidManifest.xml:62:28-53
183                <action android:name="android.intent.action.VIEW" />
183-->src/main/AndroidManifest.xml:63:17-69
183-->src/main/AndroidManifest.xml:63:25-66
184
185                <category android:name="android.intent.category.DEFAULT" />
185-->src/main/AndroidManifest.xml:64:17-76
185-->src/main/AndroidManifest.xml:64:27-73
186                <category android:name="android.intent.category.BROWSABLE" />
186-->src/main/AndroidManifest.xml:65:17-78
186-->src/main/AndroidManifest.xml:65:27-75
187
188                <data
188-->src/main/AndroidManifest.xml:66:17-85
189                    android:host="gobabidrive.com"
189-->src/main/AndroidManifest.xml:66:52-82
190                    android:scheme="gobabidrive" />
190-->src/main/AndroidManifest.xml:66:23-51
191            </intent-filter>
192
193            <!--
194            <intent-filter>
195                <action android:name="intent.bring.app.to.foreground" />
196                <category android:name="android.intent.category.DEFAULT" />
197            </intent-filter>
198            -->
199
200        </activity>
201
202        <!-- Add the BroadcastReceiver here -->
203        <receiver
203-->src/main/AndroidManifest.xml:77:9-82:20
204            android:name="com.gobabidrive.NotificationReceiver"
204-->src/main/AndroidManifest.xml:77:19-55
205            android:exported="true" >
205-->src/main/AndroidManifest.xml:78:13-36
206            <intent-filter>
206-->src/main/AndroidManifest.xml:79:13-81:29
207                <action android:name="com.gobabidrive.NOTIFICATION_ACTION" />
207-->src/main/AndroidManifest.xml:80:17-77
207-->src/main/AndroidManifest.xml:80:25-75
208            </intent-filter>
209        </receiver>
210
211        <!-- Mapbox Navigation Receiver -->
212        <receiver
212-->src/main/AndroidManifest.xml:85:9-93:20
213            android:name="com.mapbox.services.android.navigation.v5.navigation.NavigationBroadcastReceiver"
213-->src/main/AndroidManifest.xml:86:13-108
214            android:exported="true" >
214-->src/main/AndroidManifest.xml:87:13-36
215            <intent-filter>
215-->src/main/AndroidManifest.xml:88:13-92:29
216                <action android:name="com.mapbox.navigation.START_NAVIGATION" />
216-->src/main/AndroidManifest.xml:89:17-81
216-->src/main/AndroidManifest.xml:89:25-78
217                <action android:name="com.mapbox.navigation.CANCEL_NAVIGATION" />
217-->src/main/AndroidManifest.xml:90:17-82
217-->src/main/AndroidManifest.xml:90:25-79
218                <action android:name="com.mapbox.navigation.RESUME_NAVIGATION" />
218-->src/main/AndroidManifest.xml:91:17-82
218-->src/main/AndroidManifest.xml:91:25-79
219            </intent-filter>
220        </receiver>
221
222        <!--
223             Don't delete the meta-data below.
224             This is used by the Flutter tool to generate GeneratedPluginRegistrant.java
225        -->
226        <meta-data
226-->src/main/AndroidManifest.xml:97:9-99:33
227            android:name="flutterEmbedding"
227-->src/main/AndroidManifest.xml:98:13-44
228            android:value="2" />
228-->src/main/AndroidManifest.xml:99:13-30
229        <meta-data
229-->src/main/AndroidManifest.xml:101:9-103:72
230            android:name="com.mapbox.token"
230-->src/main/AndroidManifest.xml:102:13-44
231            android:value="@mapbox_access_token/mapbox_access_token" />
231-->src/main/AndroidManifest.xml:103:13-69
232        <meta-data
232-->src/main/AndroidManifest.xml:105:9-123
233            android:name="com.google.android.geo.API_KEY"
233-->src/main/AndroidManifest.xml:105:20-65
234            android:value="AIzaSyBmghMedf-fRRzj62DftBpx0-cqUzNGzf8" />
234-->src/main/AndroidManifest.xml:105:66-121
235
236        <!--
237        <service
238        android:name="com.dsaved.bubblehead.bubble.BubbleHeadService"
239        android:enabled="true"
240        android:exported="false"/>
241        -->
242
243        <service
243-->src/main/AndroidManifest.xml:112:9-116:11
244            android:name="id.flutter.flutter_background_service.BackgroundService"
244-->src/main/AndroidManifest.xml:113:13-83
245            android:enabled="true"
245-->[:flutter_background_service_android] AndroidManifest.xml:16:13-35
246            android:exported="true"
246-->[:flutter_background_service_android] AndroidManifest.xml:17:13-36
247            android:foregroundServiceType="location"
247-->src/main/AndroidManifest.xml:114:13-53
248            android:permission="android.permission.FOREGROUND_SERVICE"
248-->src/main/AndroidManifest.xml:115:13-71
249            android:stopWithTask="false" />
249-->[:flutter_background_service_android] AndroidManifest.xml:18:13-41
250        <service
250-->src/main/AndroidManifest.xml:118:9-121:32
251            android:name="com.pravera.flutter_foreground_task.service.ForegroundService"
251-->src/main/AndroidManifest.xml:119:5-81
252            android:exported="false"
252-->src/main/AndroidManifest.xml:121:5-29
253            android:foregroundServiceType="dataSync|remoteMessaging" />
253-->src/main/AndroidManifest.xml:120:5-61
254        <service
254-->[:cloud_firestore] AndroidManifest.xml:10:9-14:19
255            android:name="com.google.firebase.components.ComponentDiscoveryService"
255-->[:cloud_firestore] AndroidManifest.xml:10:18-89
256            android:directBootAware="true"
256-->[com.google.firebase:firebase-common:20.4.3] AndroidManifest.xml:32:13-43
257            android:exported="false" >
257-->[com.google.firebase:firebase-perf:20.5.2] AndroidManifest.xml:13:13-37
258            <meta-data
258-->[:cloud_firestore] AndroidManifest.xml:11:13-13:85
259                android:name="com.google.firebase.components:io.flutter.plugins.firebase.firestore.FlutterFirebaseFirestoreRegistrar"
259-->[:cloud_firestore] AndroidManifest.xml:12:17-134
260                android:value="com.google.firebase.components.ComponentRegistrar" />
260-->[:cloud_firestore] AndroidManifest.xml:13:17-82
261            <meta-data
261-->[:firebase_performance] AndroidManifest.xml:13:13-15:85
262                android:name="com.google.firebase.components:io.flutter.plugins.firebase.performance.FlutterFirebaseAppRegistrar"
262-->[:firebase_performance] AndroidManifest.xml:14:17-130
263                android:value="com.google.firebase.components.ComponentRegistrar" />
263-->[:firebase_performance] AndroidManifest.xml:15:17-82
264            <meta-data
264-->[:firebase_core] AndroidManifest.xml:11:13-13:85
265                android:name="com.google.firebase.components:io.flutter.plugins.firebase.core.FlutterFirebaseCoreRegistrar"
265-->[:firebase_core] AndroidManifest.xml:12:17-124
266                android:value="com.google.firebase.components.ComponentRegistrar" />
266-->[:firebase_core] AndroidManifest.xml:13:17-82
267            <meta-data
267-->[com.google.firebase:firebase-perf:20.5.2] AndroidManifest.xml:14:13-16:85
268                android:name="com.google.firebase.components:com.google.firebase.perf.FirebasePerfKtxRegistrar"
268-->[com.google.firebase:firebase-perf:20.5.2] AndroidManifest.xml:15:17-112
269                android:value="com.google.firebase.components.ComponentRegistrar" />
269-->[com.google.firebase:firebase-perf:20.5.2] AndroidManifest.xml:16:17-82
270            <meta-data
270-->[com.google.firebase:firebase-perf:20.5.2] AndroidManifest.xml:17:13-19:85
271                android:name="com.google.firebase.components:com.google.firebase.perf.FirebasePerfRegistrar"
271-->[com.google.firebase:firebase-perf:20.5.2] AndroidManifest.xml:18:17-109
272                android:value="com.google.firebase.components.ComponentRegistrar" />
272-->[com.google.firebase:firebase-perf:20.5.2] AndroidManifest.xml:19:17-82
273            <meta-data
273-->[com.google.firebase:firebase-messaging:23.4.1] AndroidManifest.xml:57:13-59:85
274                android:name="com.google.firebase.components:com.google.firebase.messaging.FirebaseMessagingKtxRegistrar"
274-->[com.google.firebase:firebase-messaging:23.4.1] AndroidManifest.xml:58:17-122
275                android:value="com.google.firebase.components.ComponentRegistrar" />
275-->[com.google.firebase:firebase-messaging:23.4.1] AndroidManifest.xml:59:17-82
276            <meta-data
276-->[com.google.firebase:firebase-messaging:23.4.1] AndroidManifest.xml:60:13-62:85
277                android:name="com.google.firebase.components:com.google.firebase.messaging.FirebaseMessagingRegistrar"
277-->[com.google.firebase:firebase-messaging:23.4.1] AndroidManifest.xml:61:17-119
278                android:value="com.google.firebase.components.ComponentRegistrar" />
278-->[com.google.firebase:firebase-messaging:23.4.1] AndroidManifest.xml:62:17-82
279            <meta-data
279-->[com.google.firebase:firebase-firestore:24.11.0] AndroidManifest.xml:17:13-19:85
280                android:name="com.google.firebase.components:com.google.firebase.firestore.FirebaseFirestoreKtxRegistrar"
280-->[com.google.firebase:firebase-firestore:24.11.0] AndroidManifest.xml:18:17-122